{"/Users/cristian.cinetto/Desktop/Cristian/Coderhouse/30930/30930-ejercicios/40-PatronesPersistencia/01-DAO/src/config/index.ts": {"path":"/Users/cristian.cinetto/Desktop/Cristian/Coderhouse/30930/30930-ejercicios/40-PatronesPersistencia/01-DAO/src/config/index.ts","statementMap":{"0":{"start":{"line":1,"column":0},"end":{"line":1,"column":28}},"1":{"start":{"line":2,"column":0},"end":{"line":2,"column":16}},"2":{"start":{"line":4,"column":0},"end":{"line":7,"column":2}}},"fnMap":{},"branchMap":{"0":{"loc":{"start":{"line":5,"column":8},"end":{"line":5,"column":32}},"type":"binary-expr","locations":[{"start":{"line":5,"column":8},"end":{"line":5,"column":24}},{"start":{"line":5,"column":28},"end":{"line":5,"column":32}}]},"1":{"loc":{"start":{"line":6,"column":19},"end":{"line":6,"column":60}},"type":"binary-expr","locations":[{"start":{"line":6,"column":19},"end":{"line":6,"column":46}},{"start":{"line":6,"column":50},"end":{"line":6,"column":60}}]}},"s":{"0":1,"1":1,"2":1},"f":{},"b":{"0":[1,1],"1":[1,0]}}
,"/Users/cristian.cinetto/Desktop/Cristian/Coderhouse/30930/30930-ejercicios/40-PatronesPersistencia/01-DAO/src/models/products/products.dao.ts": {"path":"/Users/cristian.cinetto/Desktop/Cristian/Coderhouse/30930/30930-ejercicios/40-PatronesPersistencia/01-DAO/src/models/products/products.dao.ts","statementMap":{"0":{"start":{"line":1,"column":0},"end":{"line":1,"column":49}},"1":{"start":{"line":2,"column":0},"end":{"line":2,"column":55}},"2":{"start":{"line":8,"column":2},"end":{"line":8,"column":27}},"3":{"start":{"line":13,"column":4},"end":{"line":18,"column":null}},"4":{"start":{"line":14,"column":6},"end":{"line":14,"column":48}},"5":{"start":{"line":15,"column":6},"end":{"line":15,"column":42}},"6":{"start":{"line":16,"column":6},"end":{"line":16,"column":45}},"7":{"start":{"line":17,"column":6},"end":{"line":17,"column":62}},"8":{"start":{"line":19,"column":4},"end":{"line":19,"column":31}},"9":{"start":{"line":23,"column":29},"end":{"line":23,"column":31}},"10":{"start":{"line":25,"column":4},"end":{"line":32,"column":null}},"11":{"start":{"line":26,"column":6},"end":{"line":29,"column":null}},"12":{"start":{"line":27,"column":25},"end":{"line":27,"column":58}},"13":{"start":{"line":28,"column":8},"end":{"line":28,"column":44}},"14":{"start":{"line":28,"column":22},"end":{"line":28,"column":44}},"15":{"start":{"line":31,"column":6},"end":{"line":31,"column":43}},"16":{"start":{"line":34,"column":4},"end":{"line":34,"column":18}},"17":{"start":{"line":38,"column":23},"end":{"line":38,"column":56}},"18":{"start":{"line":39,"column":4},"end":{"line":39,"column":38}},"19":{"start":{"line":40,"column":4},"end":{"line":40,"column":null}},"20":{"start":{"line":41,"column":4},"end":{"line":41,"column":22}},"21":{"start":{"line":45,"column":4},"end":{"line":45,"column":79}},"22":{"start":{"line":49,"column":4},"end":{"line":49,"column":47}},"23":{"start":{"line":5,"column":0},"end":{"line":5,"column":21}}},"fnMap":{"0":{"name":"(anonymous_7)","decl":{"start":{"line":10,"column":2},"end":{"line":10,"column":25}},"loc":{"start":{"line":10,"column":2},"end":{"line":10,"column":26}}},"1":{"name":"(anonymous_8)","decl":{"start":{"line":12,"column":2},"end":{"line":12,"column":8}},"loc":{"start":{"line":12,"column":26},"end":{"line":20,"column":null}}},"2":{"name":"(anonymous_10)","decl":{"start":{"line":22,"column":8},"end":{"line":22,"column":11}},"loc":{"start":{"line":22,"column":23},"end":{"line":35,"column":null}}},"3":{"name":"(anonymous_12)","decl":{"start":{"line":37,"column":8},"end":{"line":37,"column":11}},"loc":{"start":{"line":37,"column":26},"end":{"line":42,"column":null}}},"4":{"name":"(anonymous_14)","decl":{"start":{"line":44,"column":8},"end":{"line":44,"column":14}},"loc":{"start":{"line":44,"column":51},"end":{"line":46,"column":null}}},"5":{"name":"(anonymous_16)","decl":{"start":{"line":48,"column":8},"end":{"line":48,"column":14}},"loc":{"start":{"line":48,"column":25},"end":{"line":50,"column":null}}}},"branchMap":{"0":{"loc":{"start":{"line":13,"column":4},"end":{"line":18,"column":null}},"type":"if","locations":[{"start":{"line":13,"column":4},"end":{"line":18,"column":null}}]},"1":{"loc":{"start":{"line":25,"column":4},"end":{"line":32,"column":null}},"type":"if","locations":[{"start":{"line":25,"column":4},"end":{"line":32,"column":null}},{"start":{"line":30,"column":11},"end":{"line":32,"column":null}}]},"2":{"loc":{"start":{"line":26,"column":6},"end":{"line":29,"column":null}},"type":"if","locations":[{"start":{"line":26,"column":6},"end":{"line":29,"column":null}}]},"3":{"loc":{"start":{"line":28,"column":8},"end":{"line":28,"column":44}},"type":"if","locations":[{"start":{"line":28,"column":8},"end":{"line":28,"column":44}}]}},"s":{"0":1,"1":1,"2":1,"3":1,"4":1,"5":1,"6":1,"7":1,"8":1,"9":3,"10":3,"11":2,"12":1,"13":1,"14":1,"15":1,"16":3,"17":1,"18":1,"19":1,"20":1,"21":1,"22":1,"23":1},"f":{"0":1,"1":1,"2":3,"3":1,"4":1,"5":1},"b":{"0":[1],"1":[2,1],"2":[1],"3":[1]}}
,"/Users/cristian.cinetto/Desktop/Cristian/Coderhouse/30930/30930-ejercicios/40-PatronesPersistencia/01-DAO/src/models/products/products.schema.ts": {"path":"/Users/cristian.cinetto/Desktop/Cristian/Coderhouse/30930/30930-ejercicios/40-PatronesPersistencia/01-DAO/src/models/products/products.schema.ts","statementMap":{"0":{"start":{"line":1,"column":0},"end":{"line":1,"column":32}},"1":{"start":{"line":2,"column":0},"end":{"line":2,"column":22}},"2":{"start":{"line":4,"column":15},"end":{"line":4,"column":30}},"3":{"start":{"line":6,"column":13},"end":{"line":10,"column":3}},"4":{"start":{"line":12,"column":23},"end":{"line":18,"column":null}},"5":{"start":{"line":21,"column":13},"end":{"line":21,"column":71}}},"fnMap":{},"branchMap":{},"s":{"0":1,"1":1,"2":1,"3":1,"4":1,"5":1},"f":{},"b":{}}
,"/Users/cristian.cinetto/Desktop/Cristian/Coderhouse/30930/30930-ejercicios/40-PatronesPersistencia/01-DAO/src/services/dbMongo.ts": {"path":"/Users/cristian.cinetto/Desktop/Cristian/Coderhouse/30930/30930-ejercicios/40-PatronesPersistencia/01-DAO/src/services/dbMongo.ts","statementMap":{"0":{"start":{"line":2,"column":0},"end":{"line":2,"column":31}},"1":{"start":{"line":3,"column":0},"end":{"line":3,"column":32}},"2":{"start":{"line":11,"column":4},"end":{"line":11,"column":40}},"3":{"start":{"line":15,"column":4},"end":{"line":19,"column":null}},"4":{"start":{"line":16,"column":6},"end":{"line":16,"column":47}},"5":{"start":{"line":17,"column":6},"end":{"line":17,"column":57}},"6":{"start":{"line":18,"column":6},"end":{"line":18,"column":49}},"7":{"start":{"line":20,"column":4},"end":{"line":20,"column":32}},"8":{"start":{"line":5,"column":0},"end":{"line":5,"column":13}}},"fnMap":{"0":{"name":"(anonymous_8)","decl":{"start":{"line":8,"column":2},"end":{"line":8,"column":25}},"loc":{"start":{"line":8,"column":2},"end":{"line":8,"column":26}}},"1":{"name":"(anonymous_9)","decl":{"start":{"line":10,"column":2},"end":{"line":10,"column":11}},"loc":{"start":{"line":10,"column":22},"end":{"line":12,"column":3}}},"2":{"name":"(anonymous_10)","decl":{"start":{"line":14,"column":2},"end":{"line":14,"column":8}},"loc":{"start":{"line":14,"column":28},"end":{"line":21,"column":null}}}},"branchMap":{"0":{"loc":{"start":{"line":15,"column":4},"end":{"line":19,"column":null}},"type":"if","locations":[{"start":{"line":15,"column":4},"end":{"line":19,"column":null}}]}},"s":{"0":1,"1":1,"2":2,"3":2,"4":1,"5":1,"6":1,"7":2,"8":1},"f":{"0":1,"1":2,"2":2},"b":{"0":[1]}}
}
