TN:
SF:src/config/index.ts
FNF:0
FNH:0
DA:1,1
DA:2,1
DA:4,1
LF:3
LH:3
BRDA:5,0,0,1
BRDA:5,0,1,1
BRDA:6,1,0,1
BRDA:6,1,1,0
BRF:4
BRH:3
end_of_record
TN:
SF:src/models/products/products.dao.ts
FN:10,(anonymous_7)
FN:12,(anonymous_8)
FN:22,(anonymous_10)
FN:37,(anonymous_12)
FN:44,(anonymous_14)
FN:48,(anonymous_16)
FNF:6
FNH:6
FNDA:1,(anonymous_7)
FNDA:1,(anonymous_8)
FNDA:3,(anonymous_10)
FNDA:1,(anonymous_12)
FNDA:1,(anonymous_14)
FNDA:1,(anonymous_16)
DA:1,1
DA:2,1
DA:5,1
DA:8,1
DA:13,1
DA:14,1
DA:15,1
DA:16,1
DA:17,1
DA:19,1
DA:23,3
DA:25,3
DA:26,2
DA:27,1
DA:28,1
DA:31,1
DA:34,3
DA:38,1
DA:39,1
DA:40,1
DA:41,1
DA:45,1
DA:49,1
LF:23
LH:23
BRDA:13,0,0,1
BRDA:25,1,0,2
BRDA:25,1,1,1
BRDA:26,2,0,1
BRDA:28,3,0,1
BRF:5
BRH:5
end_of_record
TN:
SF:src/models/products/products.schema.ts
FNF:0
FNH:0
DA:1,1
DA:2,1
DA:4,1
DA:6,1
DA:12,1
DA:21,1
LF:6
LH:6
BRF:0
BRH:0
end_of_record
TN:
SF:src/services/dbMongo.ts
FN:8,(anonymous_8)
FN:10,(anonymous_9)
FN:14,(anonymous_10)
FNF:3
FNH:3
FNDA:1,(anonymous_8)
FNDA:2,(anonymous_9)
FNDA:2,(anonymous_10)
DA:2,1
DA:3,1
DA:5,1
DA:11,2
DA:15,2
DA:16,1
DA:17,1
DA:18,1
DA:20,2
LF:9
LH:9
BRDA:15,0,0,1
BRF:1
BRH:1
end_of_record
